{"/Users/nickolasdarselio/Documents/HACKTIV8 BSD/3 PHASE/finalproject/server/app.js": {"path":"/Users/nickolasdarselio/Documents/HACKTIV8 BSD/3 PHASE/finalproject/server/app.js","statementMap":{"0":{"start":{"line":1,"column":0},"end":{"line":3,"column":1}},"1":{"start":{"line":2,"column":4},"end":{"line":2,"column":30}},"2":{"start":{"line":5,"column":16},"end":{"line":5,"column":34}},"3":{"start":{"line":6,"column":12},"end":{"line":6,"column":21}},"4":{"start":{"line":7,"column":13},"end":{"line":7,"column":37}},"5":{"start":{"line":8,"column":15},"end":{"line":8,"column":41}},"6":{"start":{"line":9,"column":25},"end":{"line":9,"column":62}},"7":{"start":{"line":10,"column":13},"end":{"line":10,"column":28}},"8":{"start":{"line":12,"column":0},"end":{"line":12,"column":15}},"9":{"start":{"line":13,"column":0},"end":{"line":13,"column":23}},"10":{"start":{"line":14,"column":0},"end":{"line":14,"column":48}},"11":{"start":{"line":15,"column":0},"end":{"line":15,"column":15}},"12":{"start":{"line":16,"column":0},"end":{"line":16,"column":21}},"13":{"start":{"line":22,"column":0},"end":{"line":22,"column":20}}},"fnMap":{},"branchMap":{"0":{"loc":{"start":{"line":1,"column":0},"end":{"line":3,"column":1}},"type":"if","locations":[{"start":{"line":1,"column":0},"end":{"line":3,"column":1}},{"start":{},"end":{}}],"line":1},"1":{"loc":{"start":{"line":7,"column":13},"end":{"line":7,"column":37}},"type":"binary-expr","locations":[{"start":{"line":7,"column":13},"end":{"line":7,"column":29}},{"start":{"line":7,"column":33},"end":{"line":7,"column":37}}],"line":7}},"s":{"0":6,"1":6,"2":6,"3":6,"4":6,"5":6,"6":6,"7":6,"8":6,"9":6,"10":6,"11":6,"12":6,"13":6},"f":{},"b":{"0":[6,0],"1":[6,0]},"_coverageSchema":"1a1c01bbd47fc00a2c39e90264f33305004495a9","hash":"33694c2d84aab3837dce2ded84b2450d5207b1f9"}
,"/Users/nickolasdarselio/Documents/HACKTIV8 BSD/3 PHASE/finalproject/server/controllers/categoryController.js": {"path":"/Users/nickolasdarselio/Documents/HACKTIV8 BSD/3 PHASE/finalproject/server/controllers/categoryController.js","statementMap":{"0":{"start":{"line":1,"column":21},"end":{"line":1,"column":47}},"1":{"start":{"line":6,"column":8},"end":{"line":14,"column":9}},"2":{"start":{"line":7,"column":27},"end":{"line":7,"column":51}},"3":{"start":{"line":8,"column":12},"end":{"line":10,"column":13}},"4":{"start":{"line":13,"column":12},"end":{"line":13,"column":21}},"5":{"start":{"line":18,"column":8},"end":{"line":33,"column":9}},"6":{"start":{"line":19,"column":29},"end":{"line":19,"column":41}},"7":{"start":{"line":21,"column":12},"end":{"line":23,"column":13}},"8":{"start":{"line":22,"column":16},"end":{"line":22,"column":44}},"9":{"start":{"line":25,"column":27},"end":{"line":27,"column":14}},"10":{"start":{"line":29,"column":12},"end":{"line":29,"column":45}},"11":{"start":{"line":32,"column":12},"end":{"line":32,"column":21}},"12":{"start":{"line":37,"column":8},"end":{"line":55,"column":9}},"13":{"start":{"line":38,"column":27},"end":{"line":38,"column":41}},"14":{"start":{"line":40,"column":27},"end":{"line":44,"column":14}},"15":{"start":{"line":46,"column":12},"end":{"line":48,"column":13}},"16":{"start":{"line":47,"column":16},"end":{"line":47,"column":45}},"17":{"start":{"line":49,"column":12},"end":{"line":51,"column":14}},"18":{"start":{"line":54,"column":12},"end":{"line":54,"column":21}},"19":{"start":{"line":59,"column":0},"end":{"line":59,"column":35}}},"fnMap":{"0":{"name":"(anonymous_0)","decl":{"start":{"line":5,"column":4},"end":{"line":5,"column":5}},"loc":{"start":{"line":5,"column":57},"end":{"line":15,"column":5}},"line":5},"1":{"name":"(anonymous_1)","decl":{"start":{"line":17,"column":4},"end":{"line":17,"column":5}},"loc":{"start":{"line":17,"column":59},"end":{"line":34,"column":5}},"line":17},"2":{"name":"(anonymous_2)","decl":{"start":{"line":36,"column":4},"end":{"line":36,"column":5}},"loc":{"start":{"line":36,"column":59},"end":{"line":56,"column":5}},"line":36}},"branchMap":{"0":{"loc":{"start":{"line":21,"column":12},"end":{"line":23,"column":13}},"type":"if","locations":[{"start":{"line":21,"column":12},"end":{"line":23,"column":13}},{"start":{},"end":{}}],"line":21},"1":{"loc":{"start":{"line":46,"column":12},"end":{"line":48,"column":13}},"type":"if","locations":[{"start":{"line":46,"column":12},"end":{"line":48,"column":13}},{"start":{},"end":{}}],"line":46}},"s":{"0":6,"1":1,"2":1,"3":1,"4":0,"5":2,"6":2,"7":2,"8":1,"9":1,"10":1,"11":1,"12":2,"13":2,"14":2,"15":2,"16":1,"17":1,"18":1,"19":6},"f":{"0":1,"1":2,"2":2},"b":{"0":[1,1],"1":[1,1]},"_coverageSchema":"1a1c01bbd47fc00a2c39e90264f33305004495a9","hash":"dc2e3b652236af0524b231ab9f64eff01053a65b"}
,"/Users/nickolasdarselio/Documents/HACKTIV8 BSD/3 PHASE/finalproject/server/controllers/dressController.js": {"path":"/Users/nickolasdarselio/Documents/HACKTIV8 BSD/3 PHASE/finalproject/server/controllers/dressController.js","statementMap":{"0":{"start":{"line":1,"column":42},"end":{"line":1,"column":62}},"1":{"start":{"line":2,"column":26},"end":{"line":2,"column":58}},"2":{"start":{"line":3,"column":15},"end":{"line":3,"column":35}},"3":{"start":{"line":4,"column":22},"end":{"line":4,"column":42}},"4":{"start":{"line":9,"column":8},"end":{"line":62,"column":9}},"5":{"start":{"line":11,"column":26},"end":{"line":11,"column":28}},"6":{"start":{"line":12,"column":57},"end":{"line":12,"column":70}},"7":{"start":{"line":14,"column":12},"end":{"line":16,"column":13}},"8":{"start":{"line":15,"column":16},"end":{"line":15,"column":56}},"9":{"start":{"line":18,"column":12},"end":{"line":20,"column":13}},"10":{"start":{"line":19,"column":16},"end":{"line":19,"column":45}},"11":{"start":{"line":22,"column":12},"end":{"line":24,"column":13}},"12":{"start":{"line":23,"column":16},"end":{"line":23,"column":35}},"13":{"start":{"line":26,"column":12},"end":{"line":28,"column":13}},"14":{"start":{"line":27,"column":16},"end":{"line":27,"column":39}},"15":{"start":{"line":30,"column":25},"end":{"line":30,"column":78}},"16":{"start":{"line":31,"column":28},"end":{"line":31,"column":88}},"17":{"start":{"line":33,"column":12},"end":{"line":35,"column":13}},"18":{"start":{"line":34,"column":16},"end":{"line":34,"column":51}},"19":{"start":{"line":37,"column":36},"end":{"line":46,"column":13}},"20":{"start":{"line":48,"column":27},"end":{"line":53,"column":14}},"21":{"start":{"line":55,"column":12},"end":{"line":57,"column":13}},"22":{"start":{"line":56,"column":16},"end":{"line":56,"column":49}},"23":{"start":{"line":59,"column":12},"end":{"line":59,"column":45}},"24":{"start":{"line":61,"column":12},"end":{"line":61,"column":21}},"25":{"start":{"line":66,"column":8},"end":{"line":83,"column":9}},"26":{"start":{"line":67,"column":27},"end":{"line":67,"column":41}},"27":{"start":{"line":68,"column":27},"end":{"line":73,"column":14}},"28":{"start":{"line":75,"column":12},"end":{"line":77,"column":13}},"29":{"start":{"line":76,"column":16},"end":{"line":76,"column":43}},"30":{"start":{"line":79,"column":12},"end":{"line":79,"column":45}},"31":{"start":{"line":82,"column":12},"end":{"line":82,"column":21}},"32":{"start":{"line":87,"column":20},"end":{"line":87,"column":49}},"33":{"start":{"line":88,"column":8},"end":{"line":127,"column":9}},"34":{"start":{"line":89,"column":121},"end":{"line":89,"column":133}},"35":{"start":{"line":91,"column":27},"end":{"line":99,"column":36}},"36":{"start":{"line":101,"column":12},"end":{"line":103,"column":13}},"37":{"start":{"line":102,"column":16},"end":{"line":102,"column":54}},"38":{"start":{"line":106,"column":35},"end":{"line":119,"column":36}},"39":{"start":{"line":121,"column":12},"end":{"line":121,"column":30}},"40":{"start":{"line":122,"column":12},"end":{"line":122,"column":65}},"41":{"start":{"line":124,"column":12},"end":{"line":124,"column":32}},"42":{"start":{"line":125,"column":12},"end":{"line":125,"column":28}},"43":{"start":{"line":126,"column":12},"end":{"line":126,"column":21}},"44":{"start":{"line":131,"column":20},"end":{"line":131,"column":49}},"45":{"start":{"line":132,"column":8},"end":{"line":182,"column":9}},"46":{"start":{"line":133,"column":27},"end":{"line":133,"column":41}},"47":{"start":{"line":134,"column":112},"end":{"line":134,"column":124}},"48":{"start":{"line":136,"column":27},"end":{"line":148,"column":14}},"49":{"start":{"line":149,"column":12},"end":{"line":151,"column":13}},"50":{"start":{"line":150,"column":16},"end":{"line":150,"column":43}},"51":{"start":{"line":153,"column":28},"end":{"line":158,"column":14}},"52":{"start":{"line":160,"column":32},"end":{"line":173,"column":36}},"53":{"start":{"line":174,"column":12},"end":{"line":174,"column":30}},"54":{"start":{"line":175,"column":12},"end":{"line":177,"column":14}},"55":{"start":{"line":179,"column":12},"end":{"line":179,"column":32}},"56":{"start":{"line":181,"column":12},"end":{"line":181,"column":21}},"57":{"start":{"line":186,"column":20},"end":{"line":186,"column":49}},"58":{"start":{"line":187,"column":8},"end":{"line":210,"column":9}},"59":{"start":{"line":189,"column":27},"end":{"line":189,"column":41}},"60":{"start":{"line":190,"column":27},"end":{"line":195,"column":14}},"61":{"start":{"line":197,"column":12},"end":{"line":199,"column":13}},"62":{"start":{"line":198,"column":16},"end":{"line":198,"column":45}},"63":{"start":{"line":201,"column":12},"end":{"line":201,"column":30}},"64":{"start":{"line":202,"column":12},"end":{"line":204,"column":14}},"65":{"start":{"line":207,"column":12},"end":{"line":207,"column":32}},"66":{"start":{"line":209,"column":12},"end":{"line":209,"column":21}},"67":{"start":{"line":214,"column":0},"end":{"line":214,"column":32}}},"fnMap":{"0":{"name":"(anonymous_0)","decl":{"start":{"line":8,"column":4},"end":{"line":8,"column":5}},"loc":{"start":{"line":8,"column":52},"end":{"line":63,"column":5}},"line":8},"1":{"name":"(anonymous_1)","decl":{"start":{"line":65,"column":4},"end":{"line":65,"column":5}},"loc":{"start":{"line":65,"column":58},"end":{"line":84,"column":5}},"line":65},"2":{"name":"(anonymous_2)","decl":{"start":{"line":86,"column":4},"end":{"line":86,"column":5}},"loc":{"start":{"line":86,"column":54},"end":{"line":128,"column":5}},"line":86},"3":{"name":"(anonymous_3)","decl":{"start":{"line":130,"column":4},"end":{"line":130,"column":5}},"loc":{"start":{"line":130,"column":54},"end":{"line":183,"column":5}},"line":130},"4":{"name":"(anonymous_4)","decl":{"start":{"line":185,"column":4},"end":{"line":185,"column":5}},"loc":{"start":{"line":185,"column":54},"end":{"line":211,"column":5}},"line":185}},"branchMap":{"0":{"loc":{"start":{"line":14,"column":12},"end":{"line":16,"column":13}},"type":"if","locations":[{"start":{"line":14,"column":12},"end":{"line":16,"column":13}},{"start":{},"end":{}}],"line":14},"1":{"loc":{"start":{"line":18,"column":12},"end":{"line":20,"column":13}},"type":"if","locations":[{"start":{"line":18,"column":12},"end":{"line":20,"column":13}},{"start":{},"end":{}}],"line":18},"2":{"loc":{"start":{"line":22,"column":12},"end":{"line":24,"column":13}},"type":"if","locations":[{"start":{"line":22,"column":12},"end":{"line":24,"column":13}},{"start":{},"end":{}}],"line":22},"3":{"loc":{"start":{"line":26,"column":12},"end":{"line":28,"column":13}},"type":"if","locations":[{"start":{"line":26,"column":12},"end":{"line":28,"column":13}},{"start":{},"end":{}}],"line":26},"4":{"loc":{"start":{"line":30,"column":25},"end":{"line":30,"column":78}},"type":"cond-expr","locations":[{"start":{"line":30,"column":46},"end":{"line":30,"column":74}},{"start":{"line":30,"column":77},"end":{"line":30,"column":78}}],"line":30},"5":{"loc":{"start":{"line":31,"column":28},"end":{"line":31,"column":88}},"type":"cond-expr","locations":[{"start":{"line":31,"column":52},"end":{"line":31,"column":83}},{"start":{"line":31,"column":86},"end":{"line":31,"column":88}}],"line":31},"6":{"loc":{"start":{"line":33,"column":12},"end":{"line":35,"column":13}},"type":"if","locations":[{"start":{"line":33,"column":12},"end":{"line":35,"column":13}},{"start":{},"end":{}}],"line":33},"7":{"loc":{"start":{"line":33,"column":16},"end":{"line":33,"column":41}},"type":"binary-expr","locations":[{"start":{"line":33,"column":16},"end":{"line":33,"column":25}},{"start":{"line":33,"column":29},"end":{"line":33,"column":41}}],"line":33},"8":{"loc":{"start":{"line":55,"column":12},"end":{"line":57,"column":13}},"type":"if","locations":[{"start":{"line":55,"column":12},"end":{"line":57,"column":13}},{"start":{},"end":{}}],"line":55},"9":{"loc":{"start":{"line":75,"column":12},"end":{"line":77,"column":13}},"type":"if","locations":[{"start":{"line":75,"column":12},"end":{"line":77,"column":13}},{"start":{},"end":{}}],"line":75},"10":{"loc":{"start":{"line":101,"column":12},"end":{"line":103,"column":13}},"type":"if","locations":[{"start":{"line":101,"column":12},"end":{"line":103,"column":13}},{"start":{},"end":{}}],"line":101},"11":{"loc":{"start":{"line":101,"column":16},"end":{"line":101,"column":54}},"type":"binary-expr","locations":[{"start":{"line":101,"column":16},"end":{"line":101,"column":26}},{"start":{"line":101,"column":30},"end":{"line":101,"column":40}},{"start":{"line":101,"column":44},"end":{"line":101,"column":54}}],"line":101},"12":{"loc":{"start":{"line":149,"column":12},"end":{"line":151,"column":13}},"type":"if","locations":[{"start":{"line":149,"column":12},"end":{"line":151,"column":13}},{"start":{},"end":{}}],"line":149},"13":{"loc":{"start":{"line":197,"column":12},"end":{"line":199,"column":13}},"type":"if","locations":[{"start":{"line":197,"column":12},"end":{"line":199,"column":13}},{"start":{},"end":{}}],"line":197}},"s":{"0":6,"1":6,"2":6,"3":6,"4":3,"5":3,"6":3,"7":3,"8":1,"9":3,"10":1,"11":3,"12":0,"13":3,"14":0,"15":3,"16":3,"17":3,"18":0,"19":3,"20":3,"21":3,"22":0,"23":3,"24":0,"25":2,"26":2,"27":2,"28":2,"29":1,"30":1,"31":1,"32":2,"33":2,"34":2,"35":2,"36":2,"37":1,"38":1,"39":1,"40":1,"41":1,"42":1,"43":1,"44":2,"45":2,"46":2,"47":2,"48":2,"49":2,"50":1,"51":1,"52":1,"53":1,"54":1,"55":1,"56":1,"57":2,"58":2,"59":2,"60":2,"61":2,"62":1,"63":1,"64":1,"65":1,"66":1,"67":6},"f":{"0":3,"1":2,"2":2,"3":2,"4":2},"b":{"0":[1,2],"1":[1,2],"2":[0,3],"3":[0,3],"4":[0,3],"5":[0,3],"6":[0,3],"7":[3,3],"8":[0,3],"9":[1,1],"10":[1,1],"11":[2,2,2],"12":[1,1],"13":[1,1]},"_coverageSchema":"1a1c01bbd47fc00a2c39e90264f33305004495a9","hash":"6699a1f4abe7f4d1ee6701b9a2ebf92adf8fcd5c"}
,"/Users/nickolasdarselio/Documents/HACKTIV8 BSD/3 PHASE/finalproject/server/controllers/favoriteController.js": {"path":"/Users/nickolasdarselio/Documents/HACKTIV8 BSD/3 PHASE/finalproject/server/controllers/favoriteController.js","statementMap":{"0":{"start":{"line":1,"column":28},"end":{"line":1,"column":48}},"1":{"start":{"line":5,"column":8},"end":{"line":18,"column":9}},"2":{"start":{"line":6,"column":27},"end":{"line":11,"column":14}},"3":{"start":{"line":12,"column":12},"end":{"line":14,"column":13}},"4":{"start":{"line":17,"column":12},"end":{"line":17,"column":21}},"5":{"start":{"line":22,"column":8},"end":{"line":39,"column":9}},"6":{"start":{"line":23,"column":27},"end":{"line":23,"column":41}},"7":{"start":{"line":24,"column":27},"end":{"line":35,"column":14}},"8":{"start":{"line":36,"column":12},"end":{"line":36,"column":45}},"9":{"start":{"line":38,"column":12},"end":{"line":38,"column":21}},"10":{"start":{"line":43,"column":8},"end":{"line":63,"column":9}},"11":{"start":{"line":44,"column":27},"end":{"line":44,"column":41}},"12":{"start":{"line":47,"column":27},"end":{"line":52,"column":14}},"13":{"start":{"line":53,"column":12},"end":{"line":55,"column":13}},"14":{"start":{"line":54,"column":16},"end":{"line":54,"column":45}},"15":{"start":{"line":57,"column":12},"end":{"line":59,"column":14}},"16":{"start":{"line":62,"column":12},"end":{"line":62,"column":21}},"17":{"start":{"line":67,"column":0},"end":{"line":67,"column":35}}},"fnMap":{"0":{"name":"(anonymous_0)","decl":{"start":{"line":4,"column":4},"end":{"line":4,"column":5}},"loc":{"start":{"line":4,"column":55},"end":{"line":19,"column":5}},"line":4},"1":{"name":"(anonymous_1)","decl":{"start":{"line":21,"column":4},"end":{"line":21,"column":5}},"loc":{"start":{"line":21,"column":54},"end":{"line":40,"column":5}},"line":21},"2":{"name":"(anonymous_2)","decl":{"start":{"line":42,"column":4},"end":{"line":42,"column":5}},"loc":{"start":{"line":42,"column":57},"end":{"line":64,"column":5}},"line":42}},"branchMap":{"0":{"loc":{"start":{"line":53,"column":12},"end":{"line":55,"column":13}},"type":"if","locations":[{"start":{"line":53,"column":12},"end":{"line":55,"column":13}},{"start":{},"end":{}}],"line":53}},"s":{"0":6,"1":1,"2":1,"3":1,"4":0,"5":1,"6":1,"7":1,"8":1,"9":0,"10":2,"11":2,"12":2,"13":2,"14":1,"15":1,"16":1,"17":6},"f":{"0":1,"1":1,"2":2},"b":{"0":[1,1]},"_coverageSchema":"1a1c01bbd47fc00a2c39e90264f33305004495a9","hash":"90cdc5e8031c57ce1dff4a861a4f0b9a0cea9006"}
,"/Users/nickolasdarselio/Documents/HACKTIV8 BSD/3 PHASE/finalproject/server/controllers/googleMapsController.js": {"path":"/Users/nickolasdarselio/Documents/HACKTIV8 BSD/3 PHASE/finalproject/server/controllers/googleMapsController.js","statementMap":{"0":{"start":{"line":1,"column":14},"end":{"line":1,"column":35}},"1":{"start":{"line":2,"column":13},"end":{"line":2,"column":28}},"2":{"start":{"line":3,"column":15},"end":{"line":3,"column":46}},"3":{"start":{"line":4,"column":19},"end":{"line":4,"column":42}},"4":{"start":{"line":5,"column":25},"end":{"line":5,"column":65}},"5":{"start":{"line":6,"column":42},"end":{"line":6,"column":62}},"6":{"start":{"line":7,"column":14},"end":{"line":7,"column":49}},"7":{"start":{"line":8,"column":0},"end":{"line":11,"column":3}},"8":{"start":{"line":9,"column":4},"end":{"line":9,"column":29}},"9":{"start":{"line":10,"column":4},"end":{"line":10,"column":29}},"10":{"start":{"line":12,"column":14},"end":{"line":12,"column":49}},"11":{"start":{"line":13,"column":0},"end":{"line":16,"column":2}},"12":{"start":{"line":14,"column":4},"end":{"line":14,"column":29}},"13":{"start":{"line":15,"column":4},"end":{"line":15,"column":29}},"14":{"start":{"line":18,"column":14},"end":{"line":18,"column":32}},"15":{"start":{"line":20,"column":14},"end":{"line":20,"column":49}},"16":{"start":{"line":25,"column":30},"end":{"line":25,"column":92}},"17":{"start":{"line":26,"column":8},"end":{"line":73,"column":9}},"18":{"start":{"line":27,"column":27},"end":{"line":27,"column":54}},"19":{"start":{"line":29,"column":12},"end":{"line":32,"column":13}},"20":{"start":{"line":30,"column":32},"end":{"line":30,"column":52}},"21":{"start":{"line":31,"column":16},"end":{"line":31,"column":54}},"22":{"start":{"line":33,"column":29},"end":{"line":37,"column":14}},"23":{"start":{"line":41,"column":12},"end":{"line":59,"column":14}},"24":{"start":{"line":43,"column":31},"end":{"line":56,"column":18}},"25":{"start":{"line":58,"column":16},"end":{"line":58,"column":29}},"26":{"start":{"line":63,"column":12},"end":{"line":63,"column":41}},"27":{"start":{"line":64,"column":12},"end":{"line":64,"column":41}},"28":{"start":{"line":68,"column":12},"end":{"line":68,"column":73}},"29":{"start":{"line":69,"column":12},"end":{"line":69,"column":56}},"30":{"start":{"line":72,"column":12},"end":{"line":72,"column":21}},"31":{"start":{"line":134,"column":0},"end":{"line":134,"column":37}}},"fnMap":{"0":{"name":"(anonymous_0)","decl":{"start":{"line":8,"column":15},"end":{"line":8,"column":16}},"loc":{"start":{"line":8,"column":23},"end":{"line":11,"column":1}},"line":8},"1":{"name":"(anonymous_1)","decl":{"start":{"line":13,"column":14},"end":{"line":13,"column":15}},"loc":{"start":{"line":13,"column":22},"end":{"line":16,"column":1}},"line":13},"2":{"name":"(anonymous_2)","decl":{"start":{"line":24,"column":4},"end":{"line":24,"column":5}},"loc":{"start":{"line":24,"column":42},"end":{"line":74,"column":5}},"line":24},"3":{"name":"(anonymous_3)","decl":{"start":{"line":41,"column":42},"end":{"line":41,"column":43}},"loc":{"start":{"line":41,"column":56},"end":{"line":59,"column":13}},"line":41}},"branchMap":{"0":{"loc":{"start":{"line":29,"column":12},"end":{"line":32,"column":13}},"type":"if","locations":[{"start":{"line":29,"column":12},"end":{"line":32,"column":13}},{"start":{},"end":{}}],"line":29}},"s":{"0":6,"1":6,"2":6,"3":6,"4":6,"5":6,"6":6,"7":6,"8":120,"9":120,"10":6,"11":6,"12":360,"13":360,"14":6,"15":6,"16":1,"17":1,"18":1,"19":1,"20":1,"21":1,"22":0,"23":0,"24":0,"25":0,"26":0,"27":0,"28":0,"29":0,"30":0,"31":6},"f":{"0":120,"1":360,"2":1,"3":0},"b":{"0":[1,0]},"_coverageSchema":"1a1c01bbd47fc00a2c39e90264f33305004495a9","hash":"4a1679be3429ffcbedbec963006c1c5fd31bdc29"}
,"/Users/nickolasdarselio/Documents/HACKTIV8 BSD/3 PHASE/finalproject/server/controllers/paymentController.js": {"path":"/Users/nickolasdarselio/Documents/HACKTIV8 BSD/3 PHASE/finalproject/server/controllers/paymentController.js","statementMap":{"0":{"start":{"line":1,"column":17},"end":{"line":1,"column":37}},"1":{"start":{"line":5,"column":8},"end":{"line":71,"column":9}},"2":{"start":{"line":8,"column":27},"end":{"line":8,"column":72}},"3":{"start":{"line":9,"column":23},"end":{"line":9,"column":41}},"4":{"start":{"line":10,"column":24},"end":{"line":10,"column":67}},"5":{"start":{"line":14,"column":12},"end":{"line":14,"column":34}},"6":{"start":{"line":16,"column":61},"end":{"line":16,"column":69}},"7":{"start":{"line":18,"column":25},"end":{"line":34,"column":13}},"8":{"start":{"line":37,"column":32},"end":{"line":37,"column":69}},"9":{"start":{"line":38,"column":33},"end":{"line":38,"column":80}},"10":{"start":{"line":41,"column":12},"end":{"line":66,"column":15}},"11":{"start":{"line":42,"column":30},"end":{"line":42,"column":44}},"12":{"start":{"line":45,"column":16},"end":{"line":65,"column":23}},"13":{"start":{"line":56,"column":40},"end":{"line":56,"column":55}},"14":{"start":{"line":58,"column":24},"end":{"line":58,"column":66}},"15":{"start":{"line":60,"column":24},"end":{"line":60,"column":58}},"16":{"start":{"line":64,"column":24},"end":{"line":64,"column":102}},"17":{"start":{"line":68,"column":12},"end":{"line":68,"column":31}},"18":{"start":{"line":69,"column":12},"end":{"line":69,"column":58}},"19":{"start":{"line":70,"column":12},"end":{"line":70,"column":90}},"20":{"start":{"line":75,"column":0},"end":{"line":75,"column":35}}},"fnMap":{"0":{"name":"(anonymous_0)","decl":{"start":{"line":4,"column":4},"end":{"line":4,"column":5}},"loc":{"start":{"line":4,"column":45},"end":{"line":72,"column":5}},"line":4},"1":{"name":"(anonymous_1)","decl":{"start":{"line":41,"column":38},"end":{"line":41,"column":39}},"loc":{"start":{"line":41,"column":50},"end":{"line":66,"column":13}},"line":41},"2":{"name":"(anonymous_2)","decl":{"start":{"line":56,"column":26},"end":{"line":56,"column":27}},"loc":{"start":{"line":56,"column":40},"end":{"line":56,"column":55}},"line":56},"3":{"name":"(anonymous_3)","decl":{"start":{"line":57,"column":26},"end":{"line":57,"column":27}},"loc":{"start":{"line":57,"column":44},"end":{"line":61,"column":21}},"line":57},"4":{"name":"(anonymous_4)","decl":{"start":{"line":62,"column":27},"end":{"line":62,"column":28}},"loc":{"start":{"line":62,"column":38},"end":{"line":65,"column":21}},"line":62}},"branchMap":{},"s":{"0":6,"1":0,"2":0,"3":0,"4":0,"5":0,"6":0,"7":0,"8":0,"9":0,"10":0,"11":0,"12":0,"13":0,"14":0,"15":0,"16":0,"17":0,"18":0,"19":0,"20":6},"f":{"0":0,"1":0,"2":0,"3":0,"4":0},"b":{},"_coverageSchema":"1a1c01bbd47fc00a2c39e90264f33305004495a9","hash":"4967c7d15f88a89b287c2a8f3e618cad87c7c07e"}
,"/Users/nickolasdarselio/Documents/HACKTIV8 BSD/3 PHASE/finalproject/server/controllers/storeController.js": {"path":"/Users/nickolasdarselio/Documents/HACKTIV8 BSD/3 PHASE/finalproject/server/controllers/storeController.js","statementMap":{"0":{"start":{"line":1,"column":25},"end":{"line":1,"column":51}},"1":{"start":{"line":4,"column":8},"end":{"line":12,"column":9}},"2":{"start":{"line":5,"column":27},"end":{"line":5,"column":48}},"3":{"start":{"line":6,"column":12},"end":{"line":8,"column":13}},"4":{"start":{"line":11,"column":12},"end":{"line":11,"column":21}},"5":{"start":{"line":16,"column":8},"end":{"line":32,"column":9}},"6":{"start":{"line":17,"column":27},"end":{"line":17,"column":41}},"7":{"start":{"line":18,"column":27},"end":{"line":23,"column":14}},"8":{"start":{"line":24,"column":12},"end":{"line":26,"column":13}},"9":{"start":{"line":25,"column":16},"end":{"line":25,"column":43}},"10":{"start":{"line":28,"column":12},"end":{"line":28,"column":45}},"11":{"start":{"line":30,"column":12},"end":{"line":30,"column":28}},"12":{"start":{"line":31,"column":12},"end":{"line":31,"column":21}},"13":{"start":{"line":36,"column":8},"end":{"line":56,"column":9}},"14":{"start":{"line":37,"column":62},"end":{"line":37,"column":74}},"15":{"start":{"line":39,"column":12},"end":{"line":41,"column":13}},"16":{"start":{"line":40,"column":16},"end":{"line":40,"column":44}},"17":{"start":{"line":43,"column":27},"end":{"line":49,"column":14}},"18":{"start":{"line":52,"column":12},"end":{"line":52,"column":45}},"19":{"start":{"line":55,"column":12},"end":{"line":55,"column":21}},"20":{"start":{"line":60,"column":8},"end":{"line":76,"column":9}},"21":{"start":{"line":61,"column":27},"end":{"line":61,"column":41}},"22":{"start":{"line":62,"column":27},"end":{"line":66,"column":14}},"23":{"start":{"line":67,"column":12},"end":{"line":69,"column":13}},"24":{"start":{"line":68,"column":16},"end":{"line":68,"column":45}},"25":{"start":{"line":70,"column":12},"end":{"line":72,"column":14}},"26":{"start":{"line":75,"column":12},"end":{"line":75,"column":21}},"27":{"start":{"line":80,"column":0},"end":{"line":80,"column":32}}},"fnMap":{"0":{"name":"(anonymous_0)","decl":{"start":{"line":3,"column":4},"end":{"line":3,"column":5}},"loc":{"start":{"line":3,"column":52},"end":{"line":13,"column":5}},"line":3},"1":{"name":"(anonymous_1)","decl":{"start":{"line":15,"column":4},"end":{"line":15,"column":5}},"loc":{"start":{"line":15,"column":58},"end":{"line":33,"column":5}},"line":15},"2":{"name":"(anonymous_2)","decl":{"start":{"line":35,"column":4},"end":{"line":35,"column":5}},"loc":{"start":{"line":35,"column":54},"end":{"line":57,"column":5}},"line":35},"3":{"name":"(anonymous_3)","decl":{"start":{"line":59,"column":4},"end":{"line":59,"column":5}},"loc":{"start":{"line":59,"column":54},"end":{"line":77,"column":5}},"line":59}},"branchMap":{"0":{"loc":{"start":{"line":24,"column":12},"end":{"line":26,"column":13}},"type":"if","locations":[{"start":{"line":24,"column":12},"end":{"line":26,"column":13}},{"start":{},"end":{}}],"line":24},"1":{"loc":{"start":{"line":39,"column":12},"end":{"line":41,"column":13}},"type":"if","locations":[{"start":{"line":39,"column":12},"end":{"line":41,"column":13}},{"start":{},"end":{}}],"line":39},"2":{"loc":{"start":{"line":39,"column":16},"end":{"line":39,"column":49}},"type":"binary-expr","locations":[{"start":{"line":39,"column":16},"end":{"line":39,"column":21}},{"start":{"line":39,"column":25},"end":{"line":39,"column":33}},{"start":{"line":39,"column":37},"end":{"line":39,"column":49}}],"line":39},"3":{"loc":{"start":{"line":67,"column":12},"end":{"line":69,"column":13}},"type":"if","locations":[{"start":{"line":67,"column":12},"end":{"line":69,"column":13}},{"start":{},"end":{}}],"line":67}},"s":{"0":6,"1":1,"2":1,"3":1,"4":0,"5":2,"6":2,"7":2,"8":2,"9":1,"10":1,"11":1,"12":1,"13":2,"14":2,"15":2,"16":1,"17":1,"18":1,"19":1,"20":2,"21":2,"22":2,"23":2,"24":1,"25":1,"26":1,"27":6},"f":{"0":1,"1":2,"2":2,"3":2},"b":{"0":[1,1],"1":[1,1],"2":[2,1,1],"3":[1,1]},"_coverageSchema":"1a1c01bbd47fc00a2c39e90264f33305004495a9","hash":"55f64cfcb5595c2f8cdacde8db8bca5dcc163d5a"}
,"/Users/nickolasdarselio/Documents/HACKTIV8 BSD/3 PHASE/finalproject/server/controllers/userController.js": {"path":"/Users/nickolasdarselio/Documents/HACKTIV8 BSD/3 PHASE/finalproject/server/controllers/userController.js","statementMap":{"0":{"start":{"line":1,"column":28},"end":{"line":1,"column":56}},"1":{"start":{"line":2,"column":24},"end":{"line":2,"column":49}},"2":{"start":{"line":3,"column":17},"end":{"line":3,"column":43}},"3":{"start":{"line":7,"column":8},"end":{"line":26,"column":9}},"4":{"start":{"line":8,"column":72},"end":{"line":8,"column":84}},"5":{"start":{"line":11,"column":28},"end":{"line":18,"column":14}},"6":{"start":{"line":19,"column":12},"end":{"line":21,"column":13}},"7":{"start":{"line":25,"column":12},"end":{"line":25,"column":21}},"8":{"start":{"line":30,"column":8},"end":{"line":68,"column":9}},"9":{"start":{"line":31,"column":40},"end":{"line":31,"column":52}},"10":{"start":{"line":33,"column":12},"end":{"line":35,"column":13}},"11":{"start":{"line":34,"column":16},"end":{"line":34,"column":41}},"12":{"start":{"line":37,"column":25},"end":{"line":41,"column":14}},"13":{"start":{"line":43,"column":12},"end":{"line":45,"column":13}},"14":{"start":{"line":44,"column":16},"end":{"line":44,"column":41}},"15":{"start":{"line":47,"column":36},"end":{"line":47,"column":76}},"16":{"start":{"line":48,"column":12},"end":{"line":50,"column":13}},"17":{"start":{"line":49,"column":16},"end":{"line":49,"column":41}},"18":{"start":{"line":52,"column":26},"end":{"line":57,"column":14}},"19":{"start":{"line":59,"column":12},"end":{"line":64,"column":14}},"20":{"start":{"line":67,"column":12},"end":{"line":67,"column":21}},"21":{"start":{"line":73,"column":0},"end":{"line":73,"column":31}}},"fnMap":{"0":{"name":"(anonymous_0)","decl":{"start":{"line":6,"column":4},"end":{"line":6,"column":5}},"loc":{"start":{"line":6,"column":55},"end":{"line":27,"column":5}},"line":6},"1":{"name":"(anonymous_1)","decl":{"start":{"line":29,"column":4},"end":{"line":29,"column":5}},"loc":{"start":{"line":29,"column":52},"end":{"line":69,"column":5}},"line":29}},"branchMap":{"0":{"loc":{"start":{"line":33,"column":12},"end":{"line":35,"column":13}},"type":"if","locations":[{"start":{"line":33,"column":12},"end":{"line":35,"column":13}},{"start":{},"end":{}}],"line":33},"1":{"loc":{"start":{"line":33,"column":16},"end":{"line":33,"column":35}},"type":"binary-expr","locations":[{"start":{"line":33,"column":16},"end":{"line":33,"column":22}},{"start":{"line":33,"column":26},"end":{"line":33,"column":35}}],"line":33},"2":{"loc":{"start":{"line":43,"column":12},"end":{"line":45,"column":13}},"type":"if","locations":[{"start":{"line":43,"column":12},"end":{"line":45,"column":13}},{"start":{},"end":{}}],"line":43},"3":{"loc":{"start":{"line":48,"column":12},"end":{"line":50,"column":13}},"type":"if","locations":[{"start":{"line":48,"column":12},"end":{"line":50,"column":13}},{"start":{},"end":{}}],"line":48}},"s":{"0":6,"1":6,"2":6,"3":5,"4":5,"5":5,"6":1,"7":4,"8":3,"9":3,"10":3,"11":1,"12":2,"13":2,"14":1,"15":1,"16":1,"17":0,"18":1,"19":1,"20":2,"21":6},"f":{"0":5,"1":3},"b":{"0":[1,2],"1":[3,2],"2":[1,1],"3":[0,1]},"_coverageSchema":"1a1c01bbd47fc00a2c39e90264f33305004495a9","hash":"62d267c62cc01058b102d70fcc4d5288c51df3c3"}
,"/Users/nickolasdarselio/Documents/HACKTIV8 BSD/3 PHASE/finalproject/server/helpers/bcrypt.js": {"path":"/Users/nickolasdarselio/Documents/HACKTIV8 BSD/3 PHASE/finalproject/server/helpers/bcrypt.js","statementMap":{"0":{"start":{"line":1,"column":15},"end":{"line":1,"column":34}},"1":{"start":{"line":2,"column":13},"end":{"line":2,"column":35}},"2":{"start":{"line":5,"column":4},"end":{"line":5,"column":47}},"3":{"start":{"line":9,"column":4},"end":{"line":9,"column":51}},"4":{"start":{"line":12,"column":0},"end":{"line":12,"column":50}}},"fnMap":{"0":{"name":"hashPassword","decl":{"start":{"line":4,"column":9},"end":{"line":4,"column":21}},"loc":{"start":{"line":4,"column":37},"end":{"line":6,"column":1}},"line":4},"1":{"name":"comparePassword","decl":{"start":{"line":8,"column":9},"end":{"line":8,"column":24}},"loc":{"start":{"line":8,"column":46},"end":{"line":10,"column":1}},"line":8}},"branchMap":{},"s":{"0":6,"1":6,"2":22,"3":1,"4":6},"f":{"0":22,"1":1},"b":{},"_coverageSchema":"1a1c01bbd47fc00a2c39e90264f33305004495a9","hash":"6ad36df0029b3b40468702f9fbc95128ad43b1ac"}
,"/Users/nickolasdarselio/Documents/HACKTIV8 BSD/3 PHASE/finalproject/server/helpers/jwt.js": {"path":"/Users/nickolasdarselio/Documents/HACKTIV8 BSD/3 PHASE/finalproject/server/helpers/jwt.js","statementMap":{"0":{"start":{"line":1,"column":12},"end":{"line":1,"column":35}},"1":{"start":{"line":2,"column":15},"end":{"line":2,"column":37}},"2":{"start":{"line":5,"column":4},"end":{"line":5,"column":36}},"3":{"start":{"line":9,"column":4},"end":{"line":9,"column":36}},"4":{"start":{"line":12,"column":0},"end":{"line":12,"column":45}}},"fnMap":{"0":{"name":"createToken","decl":{"start":{"line":4,"column":9},"end":{"line":4,"column":20}},"loc":{"start":{"line":4,"column":30},"end":{"line":6,"column":1}},"line":4},"1":{"name":"verifyToken","decl":{"start":{"line":8,"column":9},"end":{"line":8,"column":20}},"loc":{"start":{"line":8,"column":28},"end":{"line":10,"column":1}},"line":8}},"branchMap":{},"s":{"0":6,"1":6,"2":1,"3":20,"4":6},"f":{"0":1,"1":20},"b":{},"_coverageSchema":"1a1c01bbd47fc00a2c39e90264f33305004495a9","hash":"55c95d258da778eb78b777f209ded5bf715ef318"}
,"/Users/nickolasdarselio/Documents/HACKTIV8 BSD/3 PHASE/finalproject/server/helpers/pagination.js": {"path":"/Users/nickolasdarselio/Documents/HACKTIV8 BSD/3 PHASE/finalproject/server/helpers/pagination.js","statementMap":{"0":{"start":{"line":1,"column":22},"end":{"line":19,"column":1}},"1":{"start":{"line":2,"column":22},"end":{"line":2,"column":58}},"2":{"start":{"line":3,"column":25},"end":{"line":3,"column":37}},"3":{"start":{"line":4,"column":24},"end":{"line":4,"column":33}},"4":{"start":{"line":5,"column":25},"end":{"line":5,"column":66}},"5":{"start":{"line":6,"column":21},"end":{"line":6,"column":70}},"6":{"start":{"line":7,"column":19},"end":{"line":17,"column":5}},"7":{"start":{"line":18,"column":4},"end":{"line":18,"column":18}},"8":{"start":{"line":21,"column":0},"end":{"line":21,"column":34}}},"fnMap":{"0":{"name":"(anonymous_0)","decl":{"start":{"line":1,"column":22},"end":{"line":1,"column":23}},"loc":{"start":{"line":1,"column":32},"end":{"line":19,"column":1}},"line":1}},"branchMap":{"0":{"loc":{"start":{"line":5,"column":25},"end":{"line":5,"column":66}},"type":"cond-expr","locations":[{"start":{"line":5,"column":44},"end":{"line":5,"column":48}},{"start":{"line":5,"column":51},"end":{"line":5,"column":66}}],"line":5},"1":{"loc":{"start":{"line":6,"column":21},"end":{"line":6,"column":70}},"type":"cond-expr","locations":[{"start":{"line":6,"column":48},"end":{"line":6,"column":52}},{"start":{"line":6,"column":55},"end":{"line":6,"column":70}}],"line":6}},"s":{"0":6,"1":3,"2":3,"3":3,"4":3,"5":3,"6":3,"7":3,"8":6},"f":{"0":3},"b":{"0":[3,0],"1":[1,2]},"_coverageSchema":"1a1c01bbd47fc00a2c39e90264f33305004495a9","hash":"756b478f0c83a9afa4d37745dca2833ee1346afe"}
,"/Users/nickolasdarselio/Documents/HACKTIV8 BSD/3 PHASE/finalproject/server/lib/createCategory.js": {"path":"/Users/nickolasdarselio/Documents/HACKTIV8 BSD/3 PHASE/finalproject/server/lib/createCategory.js","statementMap":{"0":{"start":{"line":1,"column":21},"end":{"line":1,"column":50}},"1":{"start":{"line":2,"column":21},"end":{"line":2,"column":59}},"2":{"start":{"line":13,"column":4},"end":{"line":13,"column":45}},"3":{"start":{"line":17,"column":0},"end":{"line":17,"column":35}}},"fnMap":{"0":{"name":"CreateCategory","decl":{"start":{"line":4,"column":9},"end":{"line":4,"column":23}},"loc":{"start":{"line":4,"column":26},"end":{"line":15,"column":1}},"line":4}},"branchMap":{},"s":{"0":3,"1":3,"2":3,"3":3},"f":{"0":3},"b":{},"_coverageSchema":"1a1c01bbd47fc00a2c39e90264f33305004495a9","hash":"ddba0918d94c28eea39efb2df507c6d50311f3db"}
,"/Users/nickolasdarselio/Documents/HACKTIV8 BSD/3 PHASE/finalproject/server/lib/createDress.js": {"path":"/Users/nickolasdarselio/Documents/HACKTIV8 BSD/3 PHASE/finalproject/server/lib/createDress.js","statementMap":{"0":{"start":{"line":1,"column":18},"end":{"line":1,"column":47}},"1":{"start":{"line":2,"column":18},"end":{"line":2,"column":53}},"2":{"start":{"line":26,"column":4},"end":{"line":26,"column":38}},"3":{"start":{"line":30,"column":0},"end":{"line":30,"column":32}}},"fnMap":{"0":{"name":"CreateDress","decl":{"start":{"line":4,"column":9},"end":{"line":4,"column":20}},"loc":{"start":{"line":4,"column":23},"end":{"line":28,"column":1}},"line":4}},"branchMap":{},"s":{"0":2,"1":2,"2":2,"3":2},"f":{"0":2},"b":{},"_coverageSchema":"1a1c01bbd47fc00a2c39e90264f33305004495a9","hash":"98869f20f1639a9fd01d41ee7d2c2fd51f429fb9"}
,"/Users/nickolasdarselio/Documents/HACKTIV8 BSD/3 PHASE/finalproject/server/lib/createFavorite.js": {"path":"/Users/nickolasdarselio/Documents/HACKTIV8 BSD/3 PHASE/finalproject/server/lib/createFavorite.js","statementMap":{"0":{"start":{"line":1,"column":21},"end":{"line":1,"column":50}},"1":{"start":{"line":2,"column":21},"end":{"line":2,"column":59}},"2":{"start":{"line":14,"column":4},"end":{"line":14,"column":45}},"3":{"start":{"line":18,"column":0},"end":{"line":18,"column":35}}},"fnMap":{"0":{"name":"CreateFavorite","decl":{"start":{"line":4,"column":9},"end":{"line":4,"column":23}},"loc":{"start":{"line":4,"column":26},"end":{"line":16,"column":1}},"line":4}},"branchMap":{},"s":{"0":1,"1":1,"2":1,"3":1},"f":{"0":1},"b":{},"_coverageSchema":"1a1c01bbd47fc00a2c39e90264f33305004495a9","hash":"ee7f1d11261ad2b44984591fdc7133ff007872e6"}
,"/Users/nickolasdarselio/Documents/HACKTIV8 BSD/3 PHASE/finalproject/server/lib/createStore.js": {"path":"/Users/nickolasdarselio/Documents/HACKTIV8 BSD/3 PHASE/finalproject/server/lib/createStore.js","statementMap":{"0":{"start":{"line":1,"column":18},"end":{"line":1,"column":47}},"1":{"start":{"line":2,"column":18},"end":{"line":2,"column":53}},"2":{"start":{"line":12,"column":4},"end":{"line":12,"column":39}},"3":{"start":{"line":16,"column":0},"end":{"line":16,"column":32}}},"fnMap":{"0":{"name":"CreateStore","decl":{"start":{"line":4,"column":9},"end":{"line":4,"column":20}},"loc":{"start":{"line":4,"column":23},"end":{"line":14,"column":1}},"line":4}},"branchMap":{},"s":{"0":3,"1":3,"2":3,"3":3},"f":{"0":3},"b":{},"_coverageSchema":"1a1c01bbd47fc00a2c39e90264f33305004495a9","hash":"69fff00752749c0489ac30379a9ebe5574dbbe13"}
,"/Users/nickolasdarselio/Documents/HACKTIV8 BSD/3 PHASE/finalproject/server/lib/createUser.js": {"path":"/Users/nickolasdarselio/Documents/HACKTIV8 BSD/3 PHASE/finalproject/server/lib/createUser.js","statementMap":{"0":{"start":{"line":1,"column":17},"end":{"line":1,"column":46}},"1":{"start":{"line":2,"column":17},"end":{"line":2,"column":51}},"2":{"start":{"line":3,"column":25},"end":{"line":3,"column":56}},"3":{"start":{"line":4,"column":0},"end":{"line":6,"column":2}},"4":{"start":{"line":5,"column":4},"end":{"line":5,"column":43}},"5":{"start":{"line":18,"column":4},"end":{"line":18,"column":37}},"6":{"start":{"line":22,"column":0},"end":{"line":22,"column":31}}},"fnMap":{"0":{"name":"(anonymous_0)","decl":{"start":{"line":4,"column":17},"end":{"line":4,"column":18}},"loc":{"start":{"line":4,"column":25},"end":{"line":6,"column":1}},"line":4},"1":{"name":"CreateUser","decl":{"start":{"line":8,"column":9},"end":{"line":8,"column":19}},"loc":{"start":{"line":8,"column":22},"end":{"line":20,"column":1}},"line":8}},"branchMap":{},"s":{"0":5,"1":5,"2":5,"3":5,"4":20,"5":5,"6":5},"f":{"0":20,"1":5},"b":{},"_coverageSchema":"1a1c01bbd47fc00a2c39e90264f33305004495a9","hash":"afa131e130aaf2390091952d22dacd6af1f4e8d1"}
,"/Users/nickolasdarselio/Documents/HACKTIV8 BSD/3 PHASE/finalproject/server/lib/deleteCategory.js": {"path":"/Users/nickolasdarselio/Documents/HACKTIV8 BSD/3 PHASE/finalproject/server/lib/deleteCategory.js","statementMap":{"0":{"start":{"line":1,"column":21},"end":{"line":1,"column":47}},"1":{"start":{"line":14,"column":4},"end":{"line":18,"column":6}},"2":{"start":{"line":21,"column":0},"end":{"line":21,"column":31}}},"fnMap":{"0":{"name":"DeleteCategory","decl":{"start":{"line":3,"column":15},"end":{"line":3,"column":29}},"loc":{"start":{"line":3,"column":32},"end":{"line":19,"column":1}},"line":3}},"branchMap":{},"s":{"0":3,"1":3,"2":3},"f":{"0":3},"b":{},"_coverageSchema":"1a1c01bbd47fc00a2c39e90264f33305004495a9","hash":"7c92a37a2e2ef4ea546a3577b0314c345e6c50fe"}
,"/Users/nickolasdarselio/Documents/HACKTIV8 BSD/3 PHASE/finalproject/server/lib/deleteDress.js": {"path":"/Users/nickolasdarselio/Documents/HACKTIV8 BSD/3 PHASE/finalproject/server/lib/deleteDress.js","statementMap":{"0":{"start":{"line":1,"column":18},"end":{"line":1,"column":44}},"1":{"start":{"line":14,"column":4},"end":{"line":18,"column":6}},"2":{"start":{"line":21,"column":0},"end":{"line":21,"column":28}}},"fnMap":{"0":{"name":"DeleteDress","decl":{"start":{"line":3,"column":15},"end":{"line":3,"column":26}},"loc":{"start":{"line":3,"column":29},"end":{"line":19,"column":1}},"line":3}},"branchMap":{},"s":{"0":2,"1":2,"2":2},"f":{"0":2},"b":{},"_coverageSchema":"1a1c01bbd47fc00a2c39e90264f33305004495a9","hash":"d70ef0e0c773fa7ee9c825dd11aa4eb4e11dca39"}
,"/Users/nickolasdarselio/Documents/HACKTIV8 BSD/3 PHASE/finalproject/server/lib/deleteFavorite.js": {"path":"/Users/nickolasdarselio/Documents/HACKTIV8 BSD/3 PHASE/finalproject/server/lib/deleteFavorite.js","statementMap":{"0":{"start":{"line":1,"column":21},"end":{"line":1,"column":47}},"1":{"start":{"line":14,"column":4},"end":{"line":18,"column":6}},"2":{"start":{"line":21,"column":0},"end":{"line":21,"column":31}}},"fnMap":{"0":{"name":"DeleteFavorite","decl":{"start":{"line":3,"column":15},"end":{"line":3,"column":29}},"loc":{"start":{"line":3,"column":32},"end":{"line":19,"column":1}},"line":3}},"branchMap":{},"s":{"0":1,"1":1,"2":1},"f":{"0":1},"b":{},"_coverageSchema":"1a1c01bbd47fc00a2c39e90264f33305004495a9","hash":"8d60020c190f2ef88ec82eac0f9e491908417412"}
,"/Users/nickolasdarselio/Documents/HACKTIV8 BSD/3 PHASE/finalproject/server/lib/deleteStore.js": {"path":"/Users/nickolasdarselio/Documents/HACKTIV8 BSD/3 PHASE/finalproject/server/lib/deleteStore.js","statementMap":{"0":{"start":{"line":1,"column":18},"end":{"line":1,"column":44}},"1":{"start":{"line":14,"column":4},"end":{"line":18,"column":6}},"2":{"start":{"line":21,"column":0},"end":{"line":21,"column":28}}},"fnMap":{"0":{"name":"DeleteStore","decl":{"start":{"line":3,"column":15},"end":{"line":3,"column":26}},"loc":{"start":{"line":3,"column":29},"end":{"line":19,"column":1}},"line":3}},"branchMap":{},"s":{"0":3,"1":3,"2":3},"f":{"0":3},"b":{},"_coverageSchema":"1a1c01bbd47fc00a2c39e90264f33305004495a9","hash":"26d9d581dbf550ec976f08806dd096c78e998091"}
,"/Users/nickolasdarselio/Documents/HACKTIV8 BSD/3 PHASE/finalproject/server/lib/deleteUser.js": {"path":"/Users/nickolasdarselio/Documents/HACKTIV8 BSD/3 PHASE/finalproject/server/lib/deleteUser.js","statementMap":{"0":{"start":{"line":1,"column":17},"end":{"line":1,"column":43}},"1":{"start":{"line":14,"column":4},"end":{"line":18,"column":6}},"2":{"start":{"line":21,"column":0},"end":{"line":21,"column":27}}},"fnMap":{"0":{"name":"DeleteUser","decl":{"start":{"line":3,"column":15},"end":{"line":3,"column":25}},"loc":{"start":{"line":3,"column":28},"end":{"line":19,"column":1}},"line":3}},"branchMap":{},"s":{"0":5,"1":5,"2":5},"f":{"0":5},"b":{},"_coverageSchema":"1a1c01bbd47fc00a2c39e90264f33305004495a9","hash":"fbb9b9b122a54e4603c15ac1ffe28b72aa356091"}
,"/Users/nickolasdarselio/Documents/HACKTIV8 BSD/3 PHASE/finalproject/server/middlewares/authentication.js": {"path":"/Users/nickolasdarselio/Documents/HACKTIV8 BSD/3 PHASE/finalproject/server/middlewares/authentication.js","statementMap":{"0":{"start":{"line":1,"column":17},"end":{"line":1,"column":43}},"1":{"start":{"line":2,"column":24},"end":{"line":2,"column":49}},"2":{"start":{"line":4,"column":23},"end":{"line":36,"column":1}},"3":{"start":{"line":5,"column":4},"end":{"line":35,"column":5}},"4":{"start":{"line":6,"column":33},"end":{"line":6,"column":48}},"5":{"start":{"line":8,"column":8},"end":{"line":10,"column":9}},"6":{"start":{"line":9,"column":12},"end":{"line":9,"column":45}},"7":{"start":{"line":12,"column":24},"end":{"line":12,"column":49}},"8":{"start":{"line":13,"column":8},"end":{"line":17,"column":9}},"9":{"start":{"line":14,"column":12},"end":{"line":16,"column":13}},"10":{"start":{"line":19,"column":21},"end":{"line":23,"column":10}},"11":{"start":{"line":25,"column":8},"end":{"line":30,"column":9}},"12":{"start":{"line":31,"column":8},"end":{"line":31,"column":14}},"13":{"start":{"line":34,"column":8},"end":{"line":34,"column":17}},"14":{"start":{"line":38,"column":0},"end":{"line":38,"column":35}}},"fnMap":{"0":{"name":"(anonymous_0)","decl":{"start":{"line":4,"column":23},"end":{"line":4,"column":24}},"loc":{"start":{"line":4,"column":58},"end":{"line":36,"column":1}},"line":4}},"branchMap":{"0":{"loc":{"start":{"line":8,"column":8},"end":{"line":10,"column":9}},"type":"if","locations":[{"start":{"line":8,"column":8},"end":{"line":10,"column":9}},{"start":{},"end":{}}],"line":8},"1":{"loc":{"start":{"line":13,"column":8},"end":{"line":17,"column":9}},"type":"if","locations":[{"start":{"line":13,"column":8},"end":{"line":17,"column":9}},{"start":{},"end":{}}],"line":13}},"s":{"0":6,"1":6,"2":6,"3":6,"4":6,"5":6,"6":1,"7":5,"8":4,"9":0,"10":4,"11":4,"12":4,"13":2,"14":6},"f":{"0":6},"b":{"0":[1,5],"1":[0,4]},"_coverageSchema":"1a1c01bbd47fc00a2c39e90264f33305004495a9","hash":"95e4dcb22f689ccc9eb364680582b2afd511d7e5"}
,"/Users/nickolasdarselio/Documents/HACKTIV8 BSD/3 PHASE/finalproject/server/middlewares/authorization.js": {"path":"/Users/nickolasdarselio/Documents/HACKTIV8 BSD/3 PHASE/finalproject/server/middlewares/authorization.js","statementMap":{"0":{"start":{"line":1,"column":17},"end":{"line":1,"column":43}},"1":{"start":{"line":2,"column":24},"end":{"line":2,"column":49}},"2":{"start":{"line":4,"column":22},"end":{"line":25,"column":1}},"3":{"start":{"line":5,"column":4},"end":{"line":24,"column":5}},"4":{"start":{"line":7,"column":8},"end":{"line":9,"column":9}},"5":{"start":{"line":8,"column":12},"end":{"line":8,"column":42}},"6":{"start":{"line":11,"column":24},"end":{"line":11,"column":65}},"7":{"start":{"line":14,"column":8},"end":{"line":18,"column":9}},"8":{"start":{"line":15,"column":12},"end":{"line":15,"column":42}},"9":{"start":{"line":17,"column":12},"end":{"line":17,"column":18}},"10":{"start":{"line":23,"column":8},"end":{"line":23,"column":17}},"11":{"start":{"line":27,"column":0},"end":{"line":27,"column":34}}},"fnMap":{"0":{"name":"(anonymous_0)","decl":{"start":{"line":4,"column":22},"end":{"line":4,"column":23}},"loc":{"start":{"line":4,"column":57},"end":{"line":25,"column":1}},"line":4}},"branchMap":{"0":{"loc":{"start":{"line":7,"column":8},"end":{"line":9,"column":9}},"type":"if","locations":[{"start":{"line":7,"column":8},"end":{"line":9,"column":9}},{"start":{},"end":{}}],"line":7},"1":{"loc":{"start":{"line":14,"column":8},"end":{"line":18,"column":9}},"type":"if","locations":[{"start":{"line":14,"column":8},"end":{"line":18,"column":9}},{"start":{"line":16,"column":15},"end":{"line":18,"column":9}}],"line":14}},"s":{"0":6,"1":6,"2":6,"3":16,"4":16,"5":1,"6":15,"7":15,"8":1,"9":14,"10":2,"11":6},"f":{"0":16},"b":{"0":[1,15],"1":[1,14]},"_coverageSchema":"1a1c01bbd47fc00a2c39e90264f33305004495a9","hash":"ad9154133bf0efbb0e0f50adafe0cda17f8c39cb"}
,"/Users/nickolasdarselio/Documents/HACKTIV8 BSD/3 PHASE/finalproject/server/middlewares/errorHandler.js": {"path":"/Users/nickolasdarselio/Documents/HACKTIV8 BSD/3 PHASE/finalproject/server/middlewares/errorHandler.js","statementMap":{"0":{"start":{"line":1,"column":21},"end":{"line":61,"column":1}},"1":{"start":{"line":2,"column":4},"end":{"line":60,"column":5}},"2":{"start":{"line":3,"column":8},"end":{"line":3,"column":56}},"3":{"start":{"line":4,"column":11},"end":{"line":60,"column":5}},"4":{"start":{"line":5,"column":8},"end":{"line":7,"column":10}},"5":{"start":{"line":8,"column":11},"end":{"line":60,"column":5}},"6":{"start":{"line":9,"column":8},"end":{"line":11,"column":10}},"7":{"start":{"line":12,"column":11},"end":{"line":60,"column":5}},"8":{"start":{"line":13,"column":8},"end":{"line":15,"column":10}},"9":{"start":{"line":16,"column":11},"end":{"line":60,"column":5}},"10":{"start":{"line":17,"column":8},"end":{"line":19,"column":10}},"11":{"start":{"line":20,"column":11},"end":{"line":60,"column":5}},"12":{"start":{"line":21,"column":8},"end":{"line":23,"column":10}},"13":{"start":{"line":24,"column":11},"end":{"line":60,"column":5}},"14":{"start":{"line":25,"column":8},"end":{"line":27,"column":10}},"15":{"start":{"line":28,"column":11},"end":{"line":60,"column":5}},"16":{"start":{"line":29,"column":8},"end":{"line":31,"column":10}},"17":{"start":{"line":32,"column":11},"end":{"line":60,"column":5}},"18":{"start":{"line":33,"column":8},"end":{"line":35,"column":10}},"19":{"start":{"line":36,"column":11},"end":{"line":60,"column":5}},"20":{"start":{"line":37,"column":8},"end":{"line":39,"column":10}},"21":{"start":{"line":40,"column":11},"end":{"line":60,"column":5}},"22":{"start":{"line":41,"column":8},"end":{"line":43,"column":10}},"23":{"start":{"line":44,"column":11},"end":{"line":60,"column":5}},"24":{"start":{"line":45,"column":8},"end":{"line":47,"column":10}},"25":{"start":{"line":48,"column":11},"end":{"line":60,"column":5}},"26":{"start":{"line":49,"column":8},"end":{"line":51,"column":10}},"27":{"start":{"line":52,"column":11},"end":{"line":60,"column":5}},"28":{"start":{"line":53,"column":8},"end":{"line":55,"column":10}},"29":{"start":{"line":57,"column":8},"end":{"line":59,"column":10}},"30":{"start":{"line":63,"column":0},"end":{"line":63,"column":33}}},"fnMap":{"0":{"name":"(anonymous_0)","decl":{"start":{"line":1,"column":21},"end":{"line":1,"column":22}},"loc":{"start":{"line":1,"column":61},"end":{"line":61,"column":1}},"line":1}},"branchMap":{"0":{"loc":{"start":{"line":2,"column":4},"end":{"line":60,"column":5}},"type":"if","locations":[{"start":{"line":2,"column":4},"end":{"line":60,"column":5}},{"start":{"line":4,"column":11},"end":{"line":60,"column":5}}],"line":2},"1":{"loc":{"start":{"line":4,"column":11},"end":{"line":60,"column":5}},"type":"if","locations":[{"start":{"line":4,"column":11},"end":{"line":60,"column":5}},{"start":{"line":8,"column":11},"end":{"line":60,"column":5}}],"line":4},"2":{"loc":{"start":{"line":8,"column":11},"end":{"line":60,"column":5}},"type":"if","locations":[{"start":{"line":8,"column":11},"end":{"line":60,"column":5}},{"start":{"line":12,"column":11},"end":{"line":60,"column":5}}],"line":8},"3":{"loc":{"start":{"line":12,"column":11},"end":{"line":60,"column":5}},"type":"if","locations":[{"start":{"line":12,"column":11},"end":{"line":60,"column":5}},{"start":{"line":16,"column":11},"end":{"line":60,"column":5}}],"line":12},"4":{"loc":{"start":{"line":16,"column":11},"end":{"line":60,"column":5}},"type":"if","locations":[{"start":{"line":16,"column":11},"end":{"line":60,"column":5}},{"start":{"line":20,"column":11},"end":{"line":60,"column":5}}],"line":16},"5":{"loc":{"start":{"line":20,"column":11},"end":{"line":60,"column":5}},"type":"if","locations":[{"start":{"line":20,"column":11},"end":{"line":60,"column":5}},{"start":{"line":24,"column":11},"end":{"line":60,"column":5}}],"line":20},"6":{"loc":{"start":{"line":24,"column":11},"end":{"line":60,"column":5}},"type":"if","locations":[{"start":{"line":24,"column":11},"end":{"line":60,"column":5}},{"start":{"line":28,"column":11},"end":{"line":60,"column":5}}],"line":24},"7":{"loc":{"start":{"line":28,"column":11},"end":{"line":60,"column":5}},"type":"if","locations":[{"start":{"line":28,"column":11},"end":{"line":60,"column":5}},{"start":{"line":32,"column":11},"end":{"line":60,"column":5}}],"line":28},"8":{"loc":{"start":{"line":32,"column":11},"end":{"line":60,"column":5}},"type":"if","locations":[{"start":{"line":32,"column":11},"end":{"line":60,"column":5}},{"start":{"line":36,"column":11},"end":{"line":60,"column":5}}],"line":32},"9":{"loc":{"start":{"line":36,"column":11},"end":{"line":60,"column":5}},"type":"if","locations":[{"start":{"line":36,"column":11},"end":{"line":60,"column":5}},{"start":{"line":40,"column":11},"end":{"line":60,"column":5}}],"line":36},"10":{"loc":{"start":{"line":40,"column":11},"end":{"line":60,"column":5}},"type":"if","locations":[{"start":{"line":40,"column":11},"end":{"line":60,"column":5}},{"start":{"line":44,"column":11},"end":{"line":60,"column":5}}],"line":40},"11":{"loc":{"start":{"line":44,"column":11},"end":{"line":60,"column":5}},"type":"if","locations":[{"start":{"line":44,"column":11},"end":{"line":60,"column":5}},{"start":{"line":48,"column":11},"end":{"line":60,"column":5}}],"line":44},"12":{"loc":{"start":{"line":48,"column":11},"end":{"line":60,"column":5}},"type":"if","locations":[{"start":{"line":48,"column":11},"end":{"line":60,"column":5}},{"start":{"line":52,"column":11},"end":{"line":60,"column":5}}],"line":48},"13":{"loc":{"start":{"line":52,"column":11},"end":{"line":60,"column":5}},"type":"if","locations":[{"start":{"line":52,"column":11},"end":{"line":60,"column":5}},{"start":{"line":56,"column":11},"end":{"line":60,"column":5}}],"line":52}},"s":{"0":6,"1":20,"2":3,"3":17,"4":1,"5":16,"6":2,"7":14,"8":1,"9":13,"10":1,"11":12,"12":4,"13":8,"14":0,"15":8,"16":0,"17":8,"18":2,"19":6,"20":2,"21":4,"22":0,"23":4,"24":1,"25":3,"26":1,"27":2,"28":2,"29":0,"30":6},"f":{"0":20},"b":{"0":[3,17],"1":[1,16],"2":[2,14],"3":[1,13],"4":[1,12],"5":[4,8],"6":[0,8],"7":[0,8],"8":[2,6],"9":[2,4],"10":[0,4],"11":[1,3],"12":[1,2],"13":[2,0]},"_coverageSchema":"1a1c01bbd47fc00a2c39e90264f33305004495a9","hash":"0f34c715d86e1e82e619705795424e135a07991f"}
,"/Users/nickolasdarselio/Documents/HACKTIV8 BSD/3 PHASE/finalproject/server/models/category.js": {"path":"/Users/nickolasdarselio/Documents/HACKTIV8 BSD/3 PHASE/finalproject/server/models/category.js","statementMap":{"0":{"start":{"line":4,"column":4},"end":{"line":4,"column":24}},"1":{"start":{"line":5,"column":0},"end":{"line":34,"column":2}},"2":{"start":{"line":13,"column":6},"end":{"line":13,"column":66}},"3":{"start":{"line":16,"column":2},"end":{"line":32,"column":5}},"4":{"start":{"line":33,"column":2},"end":{"line":33,"column":18}}},"fnMap":{"0":{"name":"(anonymous_0)","decl":{"start":{"line":5,"column":17},"end":{"line":5,"column":18}},"loc":{"start":{"line":5,"column":43},"end":{"line":34,"column":1}},"line":5},"1":{"name":"(anonymous_1)","decl":{"start":{"line":12,"column":4},"end":{"line":12,"column":5}},"loc":{"start":{"line":12,"column":29},"end":{"line":14,"column":5}},"line":12}},"branchMap":{},"s":{"0":6,"1":6,"2":6,"3":6,"4":6},"f":{"0":6,"1":6},"b":{},"_coverageSchema":"1a1c01bbd47fc00a2c39e90264f33305004495a9","hash":"36624b4bd481f8d3dfb960c568bb5b24656a588b"}
,"/Users/nickolasdarselio/Documents/HACKTIV8 BSD/3 PHASE/finalproject/server/models/dress.js": {"path":"/Users/nickolasdarselio/Documents/HACKTIV8 BSD/3 PHASE/finalproject/server/models/dress.js","statementMap":{"0":{"start":{"line":4,"column":4},"end":{"line":4,"column":24}},"1":{"start":{"line":5,"column":0},"end":{"line":103,"column":2}},"2":{"start":{"line":13,"column":6},"end":{"line":13,"column":63}},"3":{"start":{"line":14,"column":6},"end":{"line":18,"column":8}},"4":{"start":{"line":20,"column":6},"end":{"line":20,"column":68}},"5":{"start":{"line":21,"column":6},"end":{"line":21,"column":62}},"6":{"start":{"line":23,"column":6},"end":{"line":23,"column":60}},"7":{"start":{"line":26,"column":2},"end":{"line":101,"column":5}},"8":{"start":{"line":102,"column":2},"end":{"line":102,"column":15}}},"fnMap":{"0":{"name":"(anonymous_0)","decl":{"start":{"line":5,"column":17},"end":{"line":5,"column":18}},"loc":{"start":{"line":5,"column":43},"end":{"line":103,"column":1}},"line":5},"1":{"name":"(anonymous_1)","decl":{"start":{"line":12,"column":4},"end":{"line":12,"column":5}},"loc":{"start":{"line":12,"column":29},"end":{"line":24,"column":5}},"line":12}},"branchMap":{},"s":{"0":6,"1":6,"2":6,"3":6,"4":6,"5":6,"6":6,"7":6,"8":6},"f":{"0":6,"1":6},"b":{},"_coverageSchema":"1a1c01bbd47fc00a2c39e90264f33305004495a9","hash":"47e6c318983fbfca9927894d2f7e290adb6370c1"}
,"/Users/nickolasdarselio/Documents/HACKTIV8 BSD/3 PHASE/finalproject/server/models/favorite.js": {"path":"/Users/nickolasdarselio/Documents/HACKTIV8 BSD/3 PHASE/finalproject/server/models/favorite.js","statementMap":{"0":{"start":{"line":4,"column":4},"end":{"line":4,"column":24}},"1":{"start":{"line":5,"column":0},"end":{"line":25,"column":2}},"2":{"start":{"line":13,"column":6},"end":{"line":13,"column":63}},"3":{"start":{"line":14,"column":6},"end":{"line":14,"column":65}},"4":{"start":{"line":17,"column":2},"end":{"line":23,"column":5}},"5":{"start":{"line":24,"column":2},"end":{"line":24,"column":18}}},"fnMap":{"0":{"name":"(anonymous_0)","decl":{"start":{"line":5,"column":17},"end":{"line":5,"column":18}},"loc":{"start":{"line":5,"column":43},"end":{"line":25,"column":1}},"line":5},"1":{"name":"(anonymous_1)","decl":{"start":{"line":12,"column":4},"end":{"line":12,"column":5}},"loc":{"start":{"line":12,"column":29},"end":{"line":15,"column":5}},"line":12}},"branchMap":{},"s":{"0":6,"1":6,"2":6,"3":6,"4":6,"5":6},"f":{"0":6,"1":6},"b":{},"_coverageSchema":"1a1c01bbd47fc00a2c39e90264f33305004495a9","hash":"ecd24a208e70b4f1358678f79d716847768e6907"}
,"/Users/nickolasdarselio/Documents/HACKTIV8 BSD/3 PHASE/finalproject/server/models/image.js": {"path":"/Users/nickolasdarselio/Documents/HACKTIV8 BSD/3 PHASE/finalproject/server/models/image.js","statementMap":{"0":{"start":{"line":4,"column":4},"end":{"line":4,"column":24}},"1":{"start":{"line":5,"column":0},"end":{"line":35,"column":2}},"2":{"start":{"line":13,"column":6},"end":{"line":13,"column":62}},"3":{"start":{"line":16,"column":2},"end":{"line":33,"column":5}},"4":{"start":{"line":34,"column":2},"end":{"line":34,"column":15}}},"fnMap":{"0":{"name":"(anonymous_0)","decl":{"start":{"line":5,"column":17},"end":{"line":5,"column":18}},"loc":{"start":{"line":5,"column":43},"end":{"line":35,"column":1}},"line":5},"1":{"name":"(anonymous_1)","decl":{"start":{"line":12,"column":4},"end":{"line":12,"column":5}},"loc":{"start":{"line":12,"column":29},"end":{"line":14,"column":5}},"line":12}},"branchMap":{},"s":{"0":6,"1":6,"2":6,"3":6,"4":6},"f":{"0":6,"1":6},"b":{},"_coverageSchema":"1a1c01bbd47fc00a2c39e90264f33305004495a9","hash":"d488db196a591a7ae3da2d8174f6e82039478635"}
,"/Users/nickolasdarselio/Documents/HACKTIV8 BSD/3 PHASE/finalproject/server/models/index.js": {"path":"/Users/nickolasdarselio/Documents/HACKTIV8 BSD/3 PHASE/finalproject/server/models/index.js","statementMap":{"0":{"start":{"line":3,"column":11},"end":{"line":3,"column":24}},"1":{"start":{"line":4,"column":13},"end":{"line":4,"column":28}},"2":{"start":{"line":5,"column":18},"end":{"line":5,"column":38}},"3":{"start":{"line":6,"column":16},"end":{"line":6,"column":34}},"4":{"start":{"line":7,"column":17},"end":{"line":7,"column":42}},"5":{"start":{"line":8,"column":12},"end":{"line":8,"column":49}},"6":{"start":{"line":9,"column":15},"end":{"line":9,"column":65}},"7":{"start":{"line":10,"column":11},"end":{"line":10,"column":13}},"8":{"start":{"line":13,"column":0},"end":{"line":17,"column":1}},"9":{"start":{"line":14,"column":2},"end":{"line":14,"column":74}},"10":{"start":{"line":16,"column":2},"end":{"line":16,"column":87}},"11":{"start":{"line":19,"column":0},"end":{"line":32,"column":5}},"12":{"start":{"line":22,"column":4},"end":{"line":27,"column":6}},"13":{"start":{"line":30,"column":18},"end":{"line":30,"column":85}},"14":{"start":{"line":31,"column":4},"end":{"line":31,"column":27}},"15":{"start":{"line":34,"column":0},"end":{"line":38,"column":3}},"16":{"start":{"line":35,"column":2},"end":{"line":37,"column":3}},"17":{"start":{"line":36,"column":4},"end":{"line":36,"column":32}},"18":{"start":{"line":40,"column":0},"end":{"line":40,"column":25}},"19":{"start":{"line":41,"column":0},"end":{"line":41,"column":25}},"20":{"start":{"line":43,"column":0},"end":{"line":43,"column":20}}},"fnMap":{"0":{"name":"(anonymous_0)","decl":{"start":{"line":21,"column":10},"end":{"line":21,"column":11}},"loc":{"start":{"line":21,"column":18},"end":{"line":28,"column":3}},"line":21},"1":{"name":"(anonymous_1)","decl":{"start":{"line":29,"column":11},"end":{"line":29,"column":12}},"loc":{"start":{"line":29,"column":19},"end":{"line":32,"column":3}},"line":29},"2":{"name":"(anonymous_2)","decl":{"start":{"line":34,"column":24},"end":{"line":34,"column":25}},"loc":{"start":{"line":34,"column":37},"end":{"line":38,"column":1}},"line":34}},"branchMap":{"0":{"loc":{"start":{"line":8,"column":12},"end":{"line":8,"column":49}},"type":"binary-expr","locations":[{"start":{"line":8,"column":12},"end":{"line":8,"column":32}},{"start":{"line":8,"column":36},"end":{"line":8,"column":49}}],"line":8},"1":{"loc":{"start":{"line":13,"column":0},"end":{"line":17,"column":1}},"type":"if","locations":[{"start":{"line":13,"column":0},"end":{"line":17,"column":1}},{"start":{"line":15,"column":7},"end":{"line":17,"column":1}}],"line":13},"2":{"loc":{"start":{"line":23,"column":6},"end":{"line":26,"column":37}},"type":"binary-expr","locations":[{"start":{"line":23,"column":6},"end":{"line":23,"column":29}},{"start":{"line":24,"column":6},"end":{"line":24,"column":23}},{"start":{"line":25,"column":6},"end":{"line":25,"column":30}},{"start":{"line":26,"column":6},"end":{"line":26,"column":37}}],"line":23},"3":{"loc":{"start":{"line":35,"column":2},"end":{"line":37,"column":3}},"type":"if","locations":[{"start":{"line":35,"column":2},"end":{"line":37,"column":3}},{"start":{},"end":{}}],"line":35}},"s":{"0":6,"1":6,"2":6,"3":6,"4":6,"5":6,"6":6,"7":6,"8":6,"9":0,"10":6,"11":6,"12":42,"13":36,"14":36,"15":6,"16":36,"17":36,"18":6,"19":6,"20":6},"f":{"0":42,"1":36,"2":36},"b":{"0":[6,0],"1":[0,6],"2":[42,42,36,36],"3":[36,0]},"_coverageSchema":"1a1c01bbd47fc00a2c39e90264f33305004495a9","hash":"e2c67b6c036e45e3019b6a4d689d01db2ed9e51c"}
,"/Users/nickolasdarselio/Documents/HACKTIV8 BSD/3 PHASE/finalproject/server/models/store.js": {"path":"/Users/nickolasdarselio/Documents/HACKTIV8 BSD/3 PHASE/finalproject/server/models/store.js","statementMap":{"0":{"start":{"line":4,"column":4},"end":{"line":4,"column":24}},"1":{"start":{"line":5,"column":0},"end":{"line":61,"column":2}},"2":{"start":{"line":13,"column":6},"end":{"line":13,"column":60}},"3":{"start":{"line":16,"column":2},"end":{"line":56,"column":5}},"4":{"start":{"line":57,"column":2},"end":{"line":59,"column":4}},"5":{"start":{"line":58,"column":4},"end":{"line":58,"column":28}},"6":{"start":{"line":60,"column":2},"end":{"line":60,"column":15}}},"fnMap":{"0":{"name":"(anonymous_0)","decl":{"start":{"line":5,"column":17},"end":{"line":5,"column":18}},"loc":{"start":{"line":5,"column":43},"end":{"line":61,"column":1}},"line":5},"1":{"name":"(anonymous_1)","decl":{"start":{"line":12,"column":4},"end":{"line":12,"column":5}},"loc":{"start":{"line":12,"column":29},"end":{"line":14,"column":5}},"line":12},"2":{"name":"(anonymous_2)","decl":{"start":{"line":57,"column":21},"end":{"line":57,"column":22}},"loc":{"start":{"line":57,"column":33},"end":{"line":59,"column":3}},"line":57}},"branchMap":{},"s":{"0":6,"1":6,"2":6,"3":6,"4":6,"5":1,"6":6},"f":{"0":6,"1":6,"2":1},"b":{},"_coverageSchema":"1a1c01bbd47fc00a2c39e90264f33305004495a9","hash":"722e646446f1984ffd74de856acb6c4ff9a6fe95"}
,"/Users/nickolasdarselio/Documents/HACKTIV8 BSD/3 PHASE/finalproject/server/models/user.js": {"path":"/Users/nickolasdarselio/Documents/HACKTIV8 BSD/3 PHASE/finalproject/server/models/user.js","statementMap":{"0":{"start":{"line":4,"column":4},"end":{"line":4,"column":24}},"1":{"start":{"line":5,"column":25},"end":{"line":5,"column":53}},"2":{"start":{"line":6,"column":0},"end":{"line":111,"column":2}},"3":{"start":{"line":14,"column":6},"end":{"line":14,"column":61}},"4":{"start":{"line":16,"column":6},"end":{"line":20,"column":8}},"5":{"start":{"line":23,"column":2},"end":{"line":106,"column":5}},"6":{"start":{"line":107,"column":2},"end":{"line":109,"column":4}},"7":{"start":{"line":108,"column":4},"end":{"line":108,"column":49}},"8":{"start":{"line":110,"column":2},"end":{"line":110,"column":14}}},"fnMap":{"0":{"name":"(anonymous_0)","decl":{"start":{"line":6,"column":17},"end":{"line":6,"column":18}},"loc":{"start":{"line":6,"column":43},"end":{"line":111,"column":1}},"line":6},"1":{"name":"(anonymous_1)","decl":{"start":{"line":13,"column":4},"end":{"line":13,"column":5}},"loc":{"start":{"line":13,"column":29},"end":{"line":21,"column":5}},"line":13},"2":{"name":"(anonymous_2)","decl":{"start":{"line":107,"column":20},"end":{"line":107,"column":21}},"loc":{"start":{"line":107,"column":31},"end":{"line":109,"column":3}},"line":107}},"branchMap":{},"s":{"0":6,"1":6,"2":6,"3":6,"4":6,"5":6,"6":6,"7":2,"8":6},"f":{"0":6,"1":6,"2":2},"b":{},"_coverageSchema":"1a1c01bbd47fc00a2c39e90264f33305004495a9","hash":"64d895563b6e0155031bbffa423311583699a139"}
,"/Users/nickolasdarselio/Documents/HACKTIV8 BSD/3 PHASE/finalproject/server/routers/categories.js": {"path":"/Users/nickolasdarselio/Documents/HACKTIV8 BSD/3 PHASE/finalproject/server/routers/categories.js","statementMap":{"0":{"start":{"line":1,"column":16},"end":{"line":1,"column":34}},"1":{"start":{"line":2,"column":15},"end":{"line":2,"column":31}},"2":{"start":{"line":3,"column":27},"end":{"line":3,"column":71}},"3":{"start":{"line":4,"column":26},"end":{"line":4,"column":65}},"4":{"start":{"line":6,"column":0},"end":{"line":6,"column":60}},"5":{"start":{"line":7,"column":0},"end":{"line":7,"column":78}},"6":{"start":{"line":8,"column":0},"end":{"line":8,"column":84}},"7":{"start":{"line":10,"column":0},"end":{"line":10,"column":23}}},"fnMap":{},"branchMap":{},"s":{"0":6,"1":6,"2":6,"3":6,"4":6,"5":6,"6":6,"7":6},"f":{},"b":{},"_coverageSchema":"1a1c01bbd47fc00a2c39e90264f33305004495a9","hash":"cd04f3416ab4643f1ccc1840dd62c895e174056c"}
,"/Users/nickolasdarselio/Documents/HACKTIV8 BSD/3 PHASE/finalproject/server/routers/dress.js": {"path":"/Users/nickolasdarselio/Documents/HACKTIV8 BSD/3 PHASE/finalproject/server/routers/dress.js","statementMap":{"0":{"start":{"line":1,"column":16},"end":{"line":1,"column":34}},"1":{"start":{"line":2,"column":15},"end":{"line":2,"column":31}},"2":{"start":{"line":3,"column":24},"end":{"line":3,"column":65}},"3":{"start":{"line":4,"column":26},"end":{"line":4,"column":65}},"4":{"start":{"line":6,"column":0},"end":{"line":6,"column":47}},"5":{"start":{"line":7,"column":0},"end":{"line":7,"column":57}},"6":{"start":{"line":8,"column":0},"end":{"line":8,"column":65}},"7":{"start":{"line":9,"column":0},"end":{"line":9,"column":68}},"8":{"start":{"line":10,"column":0},"end":{"line":10,"column":71}},"9":{"start":{"line":14,"column":0},"end":{"line":14,"column":23}}},"fnMap":{},"branchMap":{},"s":{"0":6,"1":6,"2":6,"3":6,"4":6,"5":6,"6":6,"7":6,"8":6,"9":6},"f":{},"b":{},"_coverageSchema":"1a1c01bbd47fc00a2c39e90264f33305004495a9","hash":"17d5ae13590a2d4e7eaa67d8825fa406eb140705"}
,"/Users/nickolasdarselio/Documents/HACKTIV8 BSD/3 PHASE/finalproject/server/routers/favorite.js": {"path":"/Users/nickolasdarselio/Documents/HACKTIV8 BSD/3 PHASE/finalproject/server/routers/favorite.js","statementMap":{"0":{"start":{"line":1,"column":16},"end":{"line":1,"column":34}},"1":{"start":{"line":2,"column":15},"end":{"line":2,"column":31}},"2":{"start":{"line":3,"column":27},"end":{"line":3,"column":71}},"3":{"start":{"line":5,"column":0},"end":{"line":5,"column":56}},"4":{"start":{"line":6,"column":0},"end":{"line":6,"column":60}},"5":{"start":{"line":7,"column":0},"end":{"line":7,"column":65}},"6":{"start":{"line":10,"column":0},"end":{"line":10,"column":23}}},"fnMap":{},"branchMap":{},"s":{"0":6,"1":6,"2":6,"3":6,"4":6,"5":6,"6":6},"f":{},"b":{},"_coverageSchema":"1a1c01bbd47fc00a2c39e90264f33305004495a9","hash":"240df24f6dfe47f74b26d8b6c1d905fe9ffbecea"}
,"/Users/nickolasdarselio/Documents/HACKTIV8 BSD/3 PHASE/finalproject/server/routers/googleMaps.js": {"path":"/Users/nickolasdarselio/Documents/HACKTIV8 BSD/3 PHASE/finalproject/server/routers/googleMaps.js","statementMap":{"0":{"start":{"line":1,"column":16},"end":{"line":1,"column":34}},"1":{"start":{"line":2,"column":15},"end":{"line":2,"column":31}},"2":{"start":{"line":3,"column":29},"end":{"line":3,"column":75}},"3":{"start":{"line":5,"column":0},"end":{"line":5,"column":58}},"4":{"start":{"line":11,"column":0},"end":{"line":11,"column":23}}},"fnMap":{},"branchMap":{},"s":{"0":6,"1":6,"2":6,"3":6,"4":6},"f":{},"b":{},"_coverageSchema":"1a1c01bbd47fc00a2c39e90264f33305004495a9","hash":"49629c9218c82ac22ddfe40106d27de1cef4fe04"}
,"/Users/nickolasdarselio/Documents/HACKTIV8 BSD/3 PHASE/finalproject/server/routers/index.js": {"path":"/Users/nickolasdarselio/Documents/HACKTIV8 BSD/3 PHASE/finalproject/server/routers/index.js","statementMap":{"0":{"start":{"line":1,"column":16},"end":{"line":1,"column":34}},"1":{"start":{"line":2,"column":15},"end":{"line":2,"column":31}},"2":{"start":{"line":3,"column":19},"end":{"line":3,"column":37}},"3":{"start":{"line":4,"column":23},"end":{"line":4,"column":46}},"4":{"start":{"line":5,"column":20},"end":{"line":5,"column":38}},"5":{"start":{"line":6,"column":23},"end":{"line":6,"column":44}},"6":{"start":{"line":7,"column":20},"end":{"line":7,"column":38}},"7":{"start":{"line":8,"column":25},"end":{"line":8,"column":48}},"8":{"start":{"line":9,"column":22},"end":{"line":9,"column":42}},"9":{"start":{"line":10,"column":27},"end":{"line":10,"column":67}},"10":{"start":{"line":12,"column":0},"end":{"line":12,"column":22}},"11":{"start":{"line":13,"column":0},"end":{"line":13,"column":26}},"12":{"start":{"line":14,"column":0},"end":{"line":14,"column":23}},"13":{"start":{"line":15,"column":0},"end":{"line":15,"column":23}},"14":{"start":{"line":16,"column":0},"end":{"line":16,"column":28}},"15":{"start":{"line":17,"column":0},"end":{"line":17,"column":26}},"16":{"start":{"line":18,"column":0},"end":{"line":18,"column":26}},"17":{"start":{"line":19,"column":0},"end":{"line":19,"column":25}},"18":{"start":{"line":21,"column":0},"end":{"line":21,"column":23}}},"fnMap":{},"branchMap":{},"s":{"0":6,"1":6,"2":6,"3":6,"4":6,"5":6,"6":6,"7":6,"8":6,"9":6,"10":6,"11":6,"12":6,"13":6,"14":6,"15":6,"16":6,"17":6,"18":6},"f":{},"b":{},"_coverageSchema":"1a1c01bbd47fc00a2c39e90264f33305004495a9","hash":"207025db2f2657bbdfff7799c0a09c9eb0c1d068"}
,"/Users/nickolasdarselio/Documents/HACKTIV8 BSD/3 PHASE/finalproject/server/routers/payment.js": {"path":"/Users/nickolasdarselio/Documents/HACKTIV8 BSD/3 PHASE/finalproject/server/routers/payment.js","statementMap":{"0":{"start":{"line":1,"column":16},"end":{"line":1,"column":34}},"1":{"start":{"line":2,"column":15},"end":{"line":2,"column":31}},"2":{"start":{"line":3,"column":26},"end":{"line":3,"column":69}},"3":{"start":{"line":5,"column":0},"end":{"line":5,"column":55}},"4":{"start":{"line":7,"column":0},"end":{"line":7,"column":23}}},"fnMap":{},"branchMap":{},"s":{"0":6,"1":6,"2":6,"3":6,"4":6},"f":{},"b":{},"_coverageSchema":"1a1c01bbd47fc00a2c39e90264f33305004495a9","hash":"82eedadf1ad09befe21f2642709f17c62a739f72"}
,"/Users/nickolasdarselio/Documents/HACKTIV8 BSD/3 PHASE/finalproject/server/routers/store.js": {"path":"/Users/nickolasdarselio/Documents/HACKTIV8 BSD/3 PHASE/finalproject/server/routers/store.js","statementMap":{"0":{"start":{"line":1,"column":16},"end":{"line":1,"column":34}},"1":{"start":{"line":2,"column":15},"end":{"line":2,"column":31}},"2":{"start":{"line":3,"column":24},"end":{"line":3,"column":65}},"3":{"start":{"line":4,"column":26},"end":{"line":4,"column":65}},"4":{"start":{"line":6,"column":0},"end":{"line":6,"column":47}},"5":{"start":{"line":7,"column":0},"end":{"line":7,"column":57}},"6":{"start":{"line":8,"column":0},"end":{"line":8,"column":65}},"7":{"start":{"line":9,"column":0},"end":{"line":9,"column":71}},"8":{"start":{"line":11,"column":0},"end":{"line":11,"column":23}}},"fnMap":{},"branchMap":{},"s":{"0":6,"1":6,"2":6,"3":6,"4":6,"5":6,"6":6,"7":6,"8":6},"f":{},"b":{},"_coverageSchema":"1a1c01bbd47fc00a2c39e90264f33305004495a9","hash":"69b0802c770f1c9311fef5701b0da44f67a12fd1"}
,"/Users/nickolasdarselio/Documents/HACKTIV8 BSD/3 PHASE/finalproject/server/routers/users.js": {"path":"/Users/nickolasdarselio/Documents/HACKTIV8 BSD/3 PHASE/finalproject/server/routers/users.js","statementMap":{"0":{"start":{"line":1,"column":16},"end":{"line":1,"column":34}},"1":{"start":{"line":2,"column":15},"end":{"line":2,"column":31}},"2":{"start":{"line":3,"column":23},"end":{"line":3,"column":63}},"3":{"start":{"line":5,"column":0},"end":{"line":5,"column":53}},"4":{"start":{"line":6,"column":0},"end":{"line":6,"column":48}},"5":{"start":{"line":8,"column":0},"end":{"line":8,"column":23}}},"fnMap":{},"branchMap":{},"s":{"0":6,"1":6,"2":6,"3":6,"4":6,"5":6},"f":{},"b":{},"_coverageSchema":"1a1c01bbd47fc00a2c39e90264f33305004495a9","hash":"ad2f2083e6faa55b9e186d1f3e8e96d53d7c22fe"}
}
